Namespace(annpath='train.json', batch_size=1, bs=8, clip_len=64, cuda=True, dataparallel=True, emb_init='../wordvectors/glove.6B.300d.txt', embedding_size=512, feature_size=2048, framepath='frames', ft_begin_index=0, imsize=224, json_path=None, langmethod='Transformer', log_every=10, lr=0.0001, lstm_memory=512, lstm_pretrain_ep=0, lstm_stacks=1, manual_seed=1, max_epochs=1000, max_seqlen=30, meta_path='videometa_train.json', mode='train', model_ep=100, model_path='../models', modeldepth=101, modelname='resnext', momentum=0.9, n_classes=739, n_cpu=8, n_finetune_classes=739, norm_value=1, num_layers=18, patience=10, pretrain_path='../models/save_105.pth', resnet_shortcut='A', resnext_cardinality=32, root_path='/ssd1/dsets/activitynet_captions', start_from_ep=0, submission_path='submission.json', token_level=False, vocabpath='vocab_pad.json', weight_decay=0.0001, wide_resnet_k=2)
loaded dictionary from /ssd1/dsets/activitynet_captions/vocab_pad.json
dictionary length: 11182 words
loaded pretrain models from ../models/save_105.pth
using 4 gpus...
# of params in model : 98433984
start decoder pretraining, doing for 0 epochs
done with decoder pretraining
start training
duration of clip (39) does not match specified size
stacking failed
elapsed: 26s | iter 000010/001133 | nll loss: 9.5999 | 2.6949s per loop
elapsed: 45s | iter 000020/001133 | nll loss: 9.1624 | 1.9006s per loop
no key 'segments', id=D7aa0iuPlKc
elapsed: 01m09s | iter 000030/001133 | nll loss: 8.7228 | 2.3676s per loop
no key 'segments', id=JkxO6IhuhOs
duration of clip (3) does not match specified size
elapsed: 01m38s | iter 000040/001133 | nll loss: 8.5373 | 2.9235s per loop
elapsed: 02m12s | iter 000050/001133 | nll loss: 8.1252 | 3.3219s per loop
duration of clip (13) does not match specified size
duration of clip (12) does not match specified size
elapsed: 02m44s | iter 000060/001133 | nll loss: 8.2708 | 3.2064s per loop
duration of clip (39) does not match specified size
duration of clip (23) does not match specified size
elapsed: 03m21s | iter 000070/001133 | nll loss: 8.0367 | 3.7018s per loop
elapsed: 03m58s | iter 000080/001133 | nll loss: 7.9807 | 3.7247s per loop
elapsed: 04m34s | iter 000090/001133 | nll loss: 8.0131 | 3.6420s per loop
duration of clip (63) does not match specified size
duration of clip (18) does not match specified size
elapsed: 05m19s | iter 000100/001133 | nll loss: 8.0976 | 4.4590s per loop
duration of clip (32) does not match specified size
