Namespace(annpath='train.json', batch_size=1, bs=8, clip_len=64, cuda=True, dataparallel=True, emb_init='../wordvectors/glove.6B.300d.txt', embedding_size=512, feature_size=2048, framepath='frames', ft_begin_index=0, imsize=224, json_path=None, langmethod='Transformer', log_every=10, lr=0.0001, lstm_memory=512, lstm_pretrain_ep=0, lstm_stacks=1, manual_seed=1, max_epochs=1000, max_seqlen=30, meta_path='videometa_train.json', mode='train', model_ep=100, model_path='../models', modeldepth=101, modelname='resnext', momentum=0.9, n_classes=739, n_cpu=12, n_finetune_classes=739, norm_value=1, num_layers=18, patience=10, pretrain_path='../models/save_105.pth', resnet_shortcut='A', resnext_cardinality=32, root_path='/ssd1/dsets/activitynet_captions', start_from_ep=0, submission_path='submission.json', token_level=False, vocabpath='vocab_pad.json', weight_decay=0.0001, wide_resnet_k=2)
loaded dictionary from /ssd1/dsets/activitynet_captions/vocab_pad.json
dictionary length: 11182 words
loaded pretrain models from ../models/save_105.pth
using 4 gpus...
# of params in model : 98433984
start decoder pretraining, doing for 0 epochs
done with decoder pretraining
start training
duration of clip (47) does not match specified size
duration of clip (52) does not match specified size
[False]
[False]
[False]
[False]
[False]
[False]
[False]
[ True]
Traceback (most recent call last):
  File "train.py", line 242, in <module>
    caption = caption_gen.sample(pad_feature, src_pos, captions, tgt_pos, args.max_seqlen)
  File "/home/seito/anaconda3/envs/anetchallenge/lib/python3.6/site-packages/torch/nn/modules/module.py", line 535, in __getattr__
    type(self).__name__, name))
AttributeError: 'DataParallel' object has no attribute 'sample'
